<?xml version="1.0" encoding="UTF-8"?>
<!-- Generated by org.testng.reporters.JUnitReportReporter -->
<testsuite hostname="DESKTOP-FAJ98M7" failures="0" tests="1" name="com.app.gethyphen.tests.CreatePollTest" time="13.726" errors="0" timestamp="2021-03-22T04:41:43 IST" skipped="0">
  <testcase classname="com.app.gethyphen.tests.CreatePollTest" name="startPoll" time="13.726"/>
  <system-out>
Create new post button clicked The Anonymous type is selected The Open button is clicked Clicking the drop down to select group type Selected the group Group selected, clicked on Select button Text is entered in text box Clicked on Publish button Poll is published  </system-out>
</testsuite> <!-- com.app.gethyphen.tests.CreatePollTest -->
