<?xml version="1.0" encoding="UTF-8"?>
<!-- Generated by org.testng.reporters.JUnitReportReporter -->
<testsuite hostname="DESKTOP-FAJ98M7" failures="0" tests="1" name="com.app.gethyphen.tests.Logout" time="1.356" errors="0" timestamp="2021-03-22T04:41:43 IST" skipped="0">
  <testcase classname="com.app.gethyphen.tests.Logout" name="logout" time="1.356"/>
  <system-out>
Logging out Logged out successfully  </system-out>
</testsuite> <!-- com.app.gethyphen.tests.Logout -->
