<?xml version="1.0" encoding="UTF-8"?>
<!-- Generated by org.testng.reporters.JUnitReportReporter -->
<testsuite hostname="DESKTOP-FAJ98M7" failures="0" tests="2" name="com.app.gethyphen.tests.LoginOtp" time="8.006" errors="0" timestamp="2021-03-22T04:41:43 IST" skipped="0">
  <testcase classname="com.app.gethyphen.tests.LoginOtp" name="openLoginPage" time="6.535"/>
  <system-out>
Opening the Sign Up/Log In page Opened Login Page Entered email id Submitted the email id  </system-out>
  <testcase classname="com.app.gethyphen.tests.LoginOtp" name="otpLoginPage" time="1.471"/>
  <system-out>
Entered the otp Submitted the otp  </system-out>
</testsuite> <!-- com.app.gethyphen.tests.LoginOtp -->
