<?xml version="1.0" encoding="UTF-8"?>
<!-- Generated by org.testng.reporters.JUnitReportReporter -->
<testsuite hostname="DESKTOP-FAJ98M7" failures="0" tests="1" name="com.app.gethyphen.utils.DataReaders" time="0.022" errors="0" timestamp="2021-03-22T02:40:45 IST" skipped="0">
  <testcase classname="com.app.gethyphen.utils.DataReaders" name="pollData" time="0.022"/>
  <system-out/>
</testsuite> <!-- com.app.gethyphen.utils.DataReaders -->
